                                      1 ;--------------------------------------------------------
                                      2 ; File Created by SDCC : free open source ANSI-C Compiler
                                      3 ; Version 4.0.7 #12016 (Linux)
                                      4 ;--------------------------------------------------------
                                      5 	.module output
                                      6 	.optsdcc -mgbz80
                                      7 	
                                      8 ;--------------------------------------------------------
                                      9 ; Public variables in this module
                                     10 ;--------------------------------------------------------
                                     11 	.globl _song_Data
                                     12 	.globl _song3
                                     13 	.globl _song2
                                     14 	.globl _song1
                                     15 	.globl _song0
                                     16 ;--------------------------------------------------------
                                     17 ; special function registers
                                     18 ;--------------------------------------------------------
                                     19 ;--------------------------------------------------------
                                     20 ; ram data
                                     21 ;--------------------------------------------------------
                                     22 	.area _DATA
                                     23 ;--------------------------------------------------------
                                     24 ; absolute external ram data
                                     25 ;--------------------------------------------------------
                                     26 	.area _DABS (ABS)
                                     27 ;--------------------------------------------------------
                                     28 ; global & static initialisations
                                     29 ;--------------------------------------------------------
                                     30 	.area _HOME
                                     31 	.area _GSINIT
                                     32 	.area _GSFINAL
                                     33 	.area _GSINIT
                                     34 ;--------------------------------------------------------
                                     35 ; Home
                                     36 ;--------------------------------------------------------
                                     37 	.area _HOME
                                     38 	.area _HOME
                                     39 ;--------------------------------------------------------
                                     40 ; code
                                     41 ;--------------------------------------------------------
                                     42 	.area _CODE
                                     43 	.area _CODE
                           000000    44 G$song0$0_0$0 == .
      000000                         45 _song0:
      000000 00                      46 	.db #0x00	; 0
      000001 87                      47 	.db #0x87	; 135
      000002 17                      48 	.db #0x17	; 23
      000003 93                      49 	.db #0x93	; 147
      000004 10                      50 	.db #0x10	; 16
      000005 4A                      51 	.db #0x4a	; 74	'J'
      000006 06                      52 	.db #0x06	; 6
      000007 00                      53 	.db #0x00	; 0
      000008 25                      54 	.db #0x25	; 37
      000009 00                      55 	.db #0x00	; 0
      00000A 00                      56 	.db #0x00	; 0
      00000B 00                      57 	.db #0x00	; 0
      00000C 20                      58 	.db #0x20	; 32
      00000D 20                      59 	.db #0x20	; 32
      00000E 00                      60 	.db #0x00	; 0
      00000F 00                      61 	.db #0x00	; 0
      000010 00                      62 	.db #0x00	; 0
      000011 00                      63 	.db #0x00	; 0
      000012 00                      64 	.db #0x00	; 0
      000013 00                      65 	.db #0x00	; 0
      000014 87                      66 	.db #0x87	; 135
      000015 17                      67 	.db #0x17	; 23
      000016 93                      68 	.db #0x93	; 147
      000017 10                      69 	.db #0x10	; 16
      000018 00                      70 	.db #0x00	; 0
      000019 00                      71 	.db #0x00	; 0
      00001A 25                      72 	.db #0x25	; 37
      00001B 00                      73 	.db #0x00	; 0
      00001C 00                      74 	.db #0x00	; 0
      00001D 00                      75 	.db #0x00	; 0
      00001E 20                      76 	.db #0x20	; 32
      00001F 20                      77 	.db #0x20	; 32
      000020 00                      78 	.db #0x00	; 0
      000021 00                      79 	.db #0x00	; 0
      000022 00                      80 	.db #0x00	; 0
      000023 00                      81 	.db #0x00	; 0
      000024 00                      82 	.db #0x00	; 0
      000025 00                      83 	.db #0x00	; 0
      000026 85                      84 	.db #0x85	; 133
      000027 17                      85 	.db #0x17	; 23
      000028 91                      86 	.db #0x91	; 145
      000029 10                      87 	.db #0x10	; 16
      00002A 00                      88 	.db #0x00	; 0
      00002B 00                      89 	.db #0x00	; 0
      00002C 25                      90 	.db #0x25	; 37
      00002D 00                      91 	.db #0x00	; 0
      00002E 00                      92 	.db #0x00	; 0
      00002F 00                      93 	.db #0x00	; 0
      000030 87                      94 	.db #0x87	; 135
      000031 17                      95 	.db #0x17	; 23
      000032 93                      96 	.db #0x93	; 147
      000033 10                      97 	.db #0x10	; 16
      000034 00                      98 	.db #0x00	; 0
      000035 00                      99 	.db #0x00	; 0
      000036 25                     100 	.db #0x25	; 37
      000037 00                     101 	.db #0x00	; 0
      000038 00                     102 	.db #0x00	; 0
      000039 00                     103 	.db #0x00	; 0
      00003A 20                     104 	.db #0x20	; 32
      00003B 20                     105 	.db #0x20	; 32
      00003C 00                     106 	.db #0x00	; 0
      00003D 00                     107 	.db #0x00	; 0
      00003E 00                     108 	.db #0x00	; 0
      00003F 00                     109 	.db #0x00	; 0
      000040 00                     110 	.db #0x00	; 0
      000041 00                     111 	.db #0x00	; 0
      000042 85                     112 	.db #0x85	; 133
      000043 17                     113 	.db #0x17	; 23
      000044 91                     114 	.db #0x91	; 145
      000045 10                     115 	.db #0x10	; 16
      000046 00                     116 	.db #0x00	; 0
      000047 00                     117 	.db #0x00	; 0
      000048 25                     118 	.db #0x25	; 37
      000049 00                     119 	.db #0x00	; 0
      00004A 00                     120 	.db #0x00	; 0
      00004B 00                     121 	.db #0x00	; 0
      00004C 87                     122 	.db #0x87	; 135
      00004D 18                     123 	.db #0x18	; 24
      00004E 93                     124 	.db #0x93	; 147
      00004F 10                     125 	.db #0x10	; 16
      000050 00                     126 	.db #0x00	; 0
      000051 00                     127 	.db #0x00	; 0
      000052 24                     128 	.db #0x24	; 36
      000053 00                     129 	.db #0x00	; 0
      000054 00                     130 	.db #0x00	; 0
      000055 00                     131 	.db #0x00	; 0
      000056 20                     132 	.db #0x20	; 32
      000057 20                     133 	.db #0x20	; 32
      000058 00                     134 	.db #0x00	; 0
      000059 00                     135 	.db #0x00	; 0
      00005A 00                     136 	.db #0x00	; 0
      00005B 00                     137 	.db #0x00	; 0
      00005C 00                     138 	.db #0x00	; 0
      00005D 00                     139 	.db #0x00	; 0
      00005E 87                     140 	.db #0x87	; 135
      00005F 18                     141 	.db #0x18	; 24
      000060 93                     142 	.db #0x93	; 147
      000061 10                     143 	.db #0x10	; 16
      000062 00                     144 	.db #0x00	; 0
      000063 00                     145 	.db #0x00	; 0
      000064 24                     146 	.db #0x24	; 36
      000065 00                     147 	.db #0x00	; 0
      000066 00                     148 	.db #0x00	; 0
      000067 00                     149 	.db #0x00	; 0
      000068 20                     150 	.db #0x20	; 32
      000069 20                     151 	.db #0x20	; 32
      00006A 00                     152 	.db #0x00	; 0
      00006B 00                     153 	.db #0x00	; 0
      00006C 00                     154 	.db #0x00	; 0
      00006D 00                     155 	.db #0x00	; 0
      00006E 00                     156 	.db #0x00	; 0
      00006F 00                     157 	.db #0x00	; 0
      000070 8A                     158 	.db #0x8a	; 138
      000071 17                     159 	.db #0x17	; 23
      000072 96                     160 	.db #0x96	; 150
      000073 10                     161 	.db #0x10	; 16
      000074 00                     162 	.db #0x00	; 0
      000075 00                     163 	.db #0x00	; 0
      000076 25                     164 	.db #0x25	; 37
      000077 00                     165 	.db #0x00	; 0
      000078 00                     166 	.db #0x00	; 0
      000079 00                     167 	.db #0x00	; 0
      00007A 89                     168 	.db #0x89	; 137
      00007B 17                     169 	.db #0x17	; 23
      00007C 95                     170 	.db #0x95	; 149
      00007D 10                     171 	.db #0x10	; 16
      00007E 00                     172 	.db #0x00	; 0
      00007F 00                     173 	.db #0x00	; 0
      000080 25                     174 	.db #0x25	; 37
      000081 00                     175 	.db #0x00	; 0
      000082 00                     176 	.db #0x00	; 0
      000083 00                     177 	.db #0x00	; 0
      000084 20                     178 	.db #0x20	; 32
      000085 20                     179 	.db #0x20	; 32
      000086 00                     180 	.db #0x00	; 0
      000087 00                     181 	.db #0x00	; 0
      000088 00                     182 	.db #0x00	; 0
      000089 00                     183 	.db #0x00	; 0
      00008A 00                     184 	.db #0x00	; 0
      00008B 00                     185 	.db #0x00	; 0
      00008C 00                     186 	.db #0x00	; 0
      00008D 00                     187 	.db #0x00	; 0
      00008E 00                     188 	.db #0x00	; 0
      00008F 00                     189 	.db #0x00	; 0
      000090 00                     190 	.db #0x00	; 0
      000091 00                     191 	.db #0x00	; 0
      000092 00                     192 	.db #0x00	; 0
      000093 87                     193 	.db #0x87	; 135
      000094 18                     194 	.db #0x18	; 24
      000095 93                     195 	.db #0x93	; 147
      000096 1C                     196 	.db #0x1c	; 28
      000097 93                     197 	.db #0x93	; 147
      000098 10                     198 	.db #0x10	; 16
      000099 80                     199 	.db #0x80	; 128
      00009A 82                     200 	.db #0x82	; 130
      00009B 01                     201 	.db #0x01	; 1
      00009C 24                     202 	.db #0x24	; 36
      00009D 28                     203 	.db #0x28	; 40
      00009E 00                     204 	.db #0x00	; 0
      00009F 00                     205 	.db #0x00	; 0
      0000A0 87                     206 	.db #0x87	; 135
      0000A1 18                     207 	.db #0x18	; 24
      0000A2 24                     208 	.db #0x24	; 36
      0000A3 20                     209 	.db #0x20	; 32
      0000A4 80                     210 	.db #0x80	; 128
      0000A5 82                     211 	.db #0x82	; 130
      0000A6 01                     212 	.db #0x01	; 1
      0000A7 24                     213 	.db #0x24	; 36
      0000A8 20                     214 	.db #0x20	; 32
      0000A9 00                     215 	.db #0x00	; 0
      0000AA 00                     216 	.db #0x00	; 0
      0000AB 87                     217 	.db #0x87	; 135
      0000AC 16                     218 	.db #0x16	; 22
      0000AD 00                     219 	.db #0x00	; 0
      0000AE 93                     220 	.db #0x93	; 147
      0000AF 10                     221 	.db #0x10	; 16
      0000B0 8C                     222 	.db #0x8c	; 140
      0000B1 82                     223 	.db #0x82	; 130
      0000B2 02                     224 	.db #0x02	; 2
      0000B3 22                     225 	.db #0x22	; 34
      0000B4 00                     226 	.db #0x00	; 0
      0000B5 00                     227 	.db #0x00	; 0
      0000B6 00                     228 	.db #0x00	; 0
      0000B7 87                     229 	.db #0x87	; 135
      0000B8 15                     230 	.db #0x15	; 21
      0000B9 00                     231 	.db #0x00	; 0
      0000BA 20                     232 	.db #0x20	; 32
      0000BB 00                     233 	.db #0x00	; 0
      0000BC 21                     234 	.db #0x21	; 33
      0000BD 00                     235 	.db #0x00	; 0
      0000BE 00                     236 	.db #0x00	; 0
      0000BF 00                     237 	.db #0x00	; 0
      0000C0 20                     238 	.db #0x20	; 32
      0000C1 00                     239 	.db #0x00	; 0
      0000C2 91                     240 	.db #0x91	; 145
      0000C3 10                     241 	.db #0x10	; 16
      0000C4 80                     242 	.db #0x80	; 128
      0000C5 82                     243 	.db #0x82	; 130
      0000C6 01                     244 	.db #0x01	; 1
      0000C7 00                     245 	.db #0x00	; 0
      0000C8 00                     246 	.db #0x00	; 0
      0000C9 00                     247 	.db #0x00	; 0
      0000CA 00                     248 	.db #0x00	; 0
      0000CB 00                     249 	.db #0x00	; 0
      0000CC 00                     250 	.db #0x00	; 0
      0000CD 93                     251 	.db #0x93	; 147
      0000CE 10                     252 	.db #0x10	; 16
      0000CF 00                     253 	.db #0x00	; 0
      0000D0 00                     254 	.db #0x00	; 0
      0000D1 00                     255 	.db #0x00	; 0
      0000D2 00                     256 	.db #0x00	; 0
      0000D3 00                     257 	.db #0x00	; 0
      0000D4 00                     258 	.db #0x00	; 0
      0000D5 00                     259 	.db #0x00	; 0
      0000D6 20                     260 	.db #0x20	; 32
      0000D7 8C                     261 	.db #0x8c	; 140
      0000D8 82                     262 	.db #0x82	; 130
      0000D9 02                     263 	.db #0x02	; 2
      0000DA 00                     264 	.db #0x00	; 0
      0000DB 00                     265 	.db #0x00	; 0
      0000DC 00                     266 	.db #0x00	; 0
      0000DD 00                     267 	.db #0x00	; 0
      0000DE 85                     268 	.db #0x85	; 133
      0000DF 29                     269 	.db #0x29	; 41
      0000E0 91                     270 	.db #0x91	; 145
      0000E1 1C                     271 	.db #0x1c	; 28
      0000E2 91                     272 	.db #0x91	; 145
      0000E3 10                     273 	.db #0x10	; 16
      0000E4 80                     274 	.db #0x80	; 128
      0000E5 82                     275 	.db #0x82	; 130
      0000E6 01                     276 	.db #0x01	; 1
      0000E7 24                     277 	.db #0x24	; 36
      0000E8 28                     278 	.db #0x28	; 40
      0000E9 00                     279 	.db #0x00	; 0
      0000EA 00                     280 	.db #0x00	; 0
      0000EB 87                     281 	.db #0x87	; 135
      0000EC 29                     282 	.db #0x29	; 41
      0000ED 93                     283 	.db #0x93	; 147
      0000EE 1C                     284 	.db #0x1c	; 28
      0000EF 93                     285 	.db #0x93	; 147
      0000F0 10                     286 	.db #0x10	; 16
      0000F1 80                     287 	.db #0x80	; 128
      0000F2 82                     288 	.db #0x82	; 130
      0000F3 01                     289 	.db #0x01	; 1
      0000F4 24                     290 	.db #0x24	; 36
      0000F5 28                     291 	.db #0x28	; 40
      0000F6 00                     292 	.db #0x00	; 0
      0000F7 00                     293 	.db #0x00	; 0
      0000F8 87                     294 	.db #0x87	; 135
      0000F9 29                     295 	.db #0x29	; 41
      0000FA 24                     296 	.db #0x24	; 36
      0000FB 20                     297 	.db #0x20	; 32
      0000FC 80                     298 	.db #0x80	; 128
      0000FD 82                     299 	.db #0x82	; 130
      0000FE 01                     300 	.db #0x01	; 1
      0000FF 24                     301 	.db #0x24	; 36
      000100 20                     302 	.db #0x20	; 32
      000101 00                     303 	.db #0x00	; 0
      000102 00                     304 	.db #0x00	; 0
      000103 87                     305 	.db #0x87	; 135
      000104 16                     306 	.db #0x16	; 22
      000105 00                     307 	.db #0x00	; 0
      000106 93                     308 	.db #0x93	; 147
      000107 10                     309 	.db #0x10	; 16
      000108 8C                     310 	.db #0x8c	; 140
      000109 82                     311 	.db #0x82	; 130
      00010A 02                     312 	.db #0x02	; 2
      00010B 21                     313 	.db #0x21	; 33
      00010C 00                     314 	.db #0x00	; 0
      00010D 00                     315 	.db #0x00	; 0
      00010E 00                     316 	.db #0x00	; 0
      00010F 87                     317 	.db #0x87	; 135
      000110 24                     318 	.db #0x24	; 36
      000111 00                     319 	.db #0x00	; 0
      000112 20                     320 	.db #0x20	; 32
      000113 00                     321 	.db #0x00	; 0
      000114 21                     322 	.db #0x21	; 33
      000115 00                     323 	.db #0x00	; 0
      000116 00                     324 	.db #0x00	; 0
      000117 00                     325 	.db #0x00	; 0
      000118 85                     326 	.db #0x85	; 133
      000119 29                     327 	.db #0x29	; 41
      00011A 91                     328 	.db #0x91	; 145
      00011B 1C                     329 	.db #0x1c	; 28
      00011C 96                     330 	.db #0x96	; 150
      00011D 10                     331 	.db #0x10	; 16
      00011E 80                     332 	.db #0x80	; 128
      00011F 82                     333 	.db #0x82	; 130
      000120 01                     334 	.db #0x01	; 1
      000121 24                     335 	.db #0x24	; 36
      000122 28                     336 	.db #0x28	; 40
      000123 00                     337 	.db #0x00	; 0
      000124 00                     338 	.db #0x00	; 0
      000125 20                     339 	.db #0x20	; 32
      000126 24                     340 	.db #0x24	; 36
      000127 95                     341 	.db #0x95	; 149
      000128 10                     342 	.db #0x10	; 16
      000129 00                     343 	.db #0x00	; 0
      00012A 00                     344 	.db #0x00	; 0
      00012B 20                     345 	.db #0x20	; 32
      00012C 00                     346 	.db #0x00	; 0
      00012D 00                     347 	.db #0x00	; 0
      00012E 85                     348 	.db #0x85	; 133
      00012F 29                     349 	.db #0x29	; 41
      000130 91                     350 	.db #0x91	; 145
      000131 1C                     351 	.db #0x1c	; 28
      000132 20                     352 	.db #0x20	; 32
      000133 80                     353 	.db #0x80	; 128
      000134 82                     354 	.db #0x82	; 130
      000135 01                     355 	.db #0x01	; 1
      000136 24                     356 	.db #0x24	; 36
      000137 28                     357 	.db #0x28	; 40
      000138 00                     358 	.db #0x00	; 0
      000139 00                     359 	.db #0x00	; 0
      00013A 20                     360 	.db #0x20	; 32
      00013B 24                     361 	.db #0x24	; 36
      00013C 00                     362 	.db #0x00	; 0
      00013D 00                     363 	.db #0x00	; 0
      00013E 00                     364 	.db #0x00	; 0
      00013F 20                     365 	.db #0x20	; 32
      000140 00                     366 	.db #0x00	; 0
      000141 00                     367 	.db #0x00	; 0
                           000142   368 G$song1$0_0$0 == .
      000142                        369 _song1:
      000142 93                     370 	.db #0x93	; 147
      000143 2F                     371 	.db #0x2f	; 47
      000144 87                     372 	.db #0x87	; 135
      000145 18                     373 	.db #0x18	; 24
      000146 93                     374 	.db #0x93	; 147
      000147 10                     375 	.db #0x10	; 16
      000148 80                     376 	.db #0x80	; 128
      000149 82                     377 	.db #0x82	; 130
      00014A 01                     378 	.db #0x01	; 1
      00014B 2C                     379 	.db #0x2c	; 44
      00014C 24                     380 	.db #0x24	; 36
      00014D 00                     381 	.db #0x00	; 0
      00014E 00                     382 	.db #0x00	; 0
      00014F 93                     383 	.db #0x93	; 147
      000150 2F                     384 	.db #0x2f	; 47
      000151 87                     385 	.db #0x87	; 135
      000152 18                     386 	.db #0x18	; 24
      000153 20                     387 	.db #0x20	; 32
      000154 00                     388 	.db #0x00	; 0
      000155 2C                     389 	.db #0x2c	; 44
      000156 24                     390 	.db #0x24	; 36
      000157 00                     391 	.db #0x00	; 0
      000158 00                     392 	.db #0x00	; 0
      000159 93                     393 	.db #0x93	; 147
      00015A 28                     394 	.db #0x28	; 40
      00015B 87                     395 	.db #0x87	; 135
      00015C 18                     396 	.db #0x18	; 24
      00015D 93                     397 	.db #0x93	; 147
      00015E 10                     398 	.db #0x10	; 16
      00015F 80                     399 	.db #0x80	; 128
      000160 82                     400 	.db #0x82	; 130
      000161 01                     401 	.db #0x01	; 1
      000162 2C                     402 	.db #0x2c	; 44
      000163 24                     403 	.db #0x24	; 36
      000164 00                     404 	.db #0x00	; 0
      000165 00                     405 	.db #0x00	; 0
      000166 93                     406 	.db #0x93	; 147
      000167 2F                     407 	.db #0x2f	; 47
      000168 87                     408 	.db #0x87	; 135
      000169 18                     409 	.db #0x18	; 24
      00016A 20                     410 	.db #0x20	; 32
      00016B 00                     411 	.db #0x00	; 0
      00016C 2C                     412 	.db #0x2c	; 44
      00016D 24                     413 	.db #0x24	; 36
      00016E 00                     414 	.db #0x00	; 0
      00016F 00                     415 	.db #0x00	; 0
      000170 93                     416 	.db #0x93	; 147
      000171 2F                     417 	.db #0x2f	; 47
      000172 87                     418 	.db #0x87	; 135
      000173 18                     419 	.db #0x18	; 24
      000174 93                     420 	.db #0x93	; 147
      000175 10                     421 	.db #0x10	; 16
      000176 80                     422 	.db #0x80	; 128
      000177 82                     423 	.db #0x82	; 130
      000178 01                     424 	.db #0x01	; 1
      000179 2C                     425 	.db #0x2c	; 44
      00017A 24                     426 	.db #0x24	; 36
      00017B 00                     427 	.db #0x00	; 0
      00017C 00                     428 	.db #0x00	; 0
      00017D 93                     429 	.db #0x93	; 147
      00017E 2F                     430 	.db #0x2f	; 47
      00017F 87                     431 	.db #0x87	; 135
      000180 18                     432 	.db #0x18	; 24
      000181 20                     433 	.db #0x20	; 32
      000182 00                     434 	.db #0x00	; 0
      000183 2C                     435 	.db #0x2c	; 44
      000184 24                     436 	.db #0x24	; 36
      000185 00                     437 	.db #0x00	; 0
      000186 00                     438 	.db #0x00	; 0
      000187 93                     439 	.db #0x93	; 147
      000188 2F                     440 	.db #0x2f	; 47
      000189 87                     441 	.db #0x87	; 135
      00018A 18                     442 	.db #0x18	; 24
      00018B 93                     443 	.db #0x93	; 147
      00018C 10                     444 	.db #0x10	; 16
      00018D 8C                     445 	.db #0x8c	; 140
      00018E 82                     446 	.db #0x82	; 130
      00018F 02                     447 	.db #0x02	; 2
      000190 2C                     448 	.db #0x2c	; 44
      000191 24                     449 	.db #0x24	; 36
      000192 00                     450 	.db #0x00	; 0
      000193 00                     451 	.db #0x00	; 0
      000194 93                     452 	.db #0x93	; 147
      000195 2F                     453 	.db #0x2f	; 47
      000196 87                     454 	.db #0x87	; 135
      000197 18                     455 	.db #0x18	; 24
      000198 20                     456 	.db #0x20	; 32
      000199 80                     457 	.db #0x80	; 128
      00019A 82                     458 	.db #0x82	; 130
      00019B 01                     459 	.db #0x01	; 1
      00019C 2C                     460 	.db #0x2c	; 44
      00019D 24                     461 	.db #0x24	; 36
      00019E 00                     462 	.db #0x00	; 0
      00019F 00                     463 	.db #0x00	; 0
      0001A0 91                     464 	.db #0x91	; 145
      0001A1 2F                     465 	.db #0x2f	; 47
      0001A2 85                     466 	.db #0x85	; 133
      0001A3 18                     467 	.db #0x18	; 24
      0001A4 91                     468 	.db #0x91	; 145
      0001A5 10                     469 	.db #0x10	; 16
      0001A6 80                     470 	.db #0x80	; 128
      0001A7 82                     471 	.db #0x82	; 130
      0001A8 01                     472 	.db #0x01	; 1
      0001A9 2C                     473 	.db #0x2c	; 44
      0001AA 24                     474 	.db #0x24	; 36
      0001AB 20                     475 	.db #0x20	; 32
      0001AC 00                     476 	.db #0x00	; 0
      0001AD 91                     477 	.db #0x91	; 145
      0001AE 2F                     478 	.db #0x2f	; 47
      0001AF 85                     479 	.db #0x85	; 133
      0001B0 18                     480 	.db #0x18	; 24
      0001B1 91                     481 	.db #0x91	; 145
      0001B2 10                     482 	.db #0x10	; 16
      0001B3 80                     483 	.db #0x80	; 128
      0001B4 82                     484 	.db #0x82	; 130
      0001B5 01                     485 	.db #0x01	; 1
      0001B6 2C                     486 	.db #0x2c	; 44
      0001B7 24                     487 	.db #0x24	; 36
      0001B8 20                     488 	.db #0x20	; 32
      0001B9 00                     489 	.db #0x00	; 0
      0001BA 91                     490 	.db #0x91	; 145
      0001BB 2F                     491 	.db #0x2f	; 47
      0001BC 85                     492 	.db #0x85	; 133
      0001BD 18                     493 	.db #0x18	; 24
      0001BE 91                     494 	.db #0x91	; 145
      0001BF 10                     495 	.db #0x10	; 16
      0001C0 8C                     496 	.db #0x8c	; 140
      0001C1 82                     497 	.db #0x82	; 130
      0001C2 01                     498 	.db #0x01	; 1
      0001C3 2C                     499 	.db #0x2c	; 44
      0001C4 24                     500 	.db #0x24	; 36
      0001C5 20                     501 	.db #0x20	; 32
      0001C6 00                     502 	.db #0x00	; 0
      0001C7 91                     503 	.db #0x91	; 145
      0001C8 2F                     504 	.db #0x2f	; 47
      0001C9 85                     505 	.db #0x85	; 133
      0001CA 18                     506 	.db #0x18	; 24
      0001CB 91                     507 	.db #0x91	; 145
      0001CC 10                     508 	.db #0x10	; 16
      0001CD 80                     509 	.db #0x80	; 128
      0001CE 82                     510 	.db #0x82	; 130
      0001CF 01                     511 	.db #0x01	; 1
      0001D0 2C                     512 	.db #0x2c	; 44
      0001D1 24                     513 	.db #0x24	; 36
      0001D2 20                     514 	.db #0x20	; 32
      0001D3 8C                     515 	.db #0x8c	; 140
      0001D4 82                     516 	.db #0x82	; 130
      0001D5 02                     517 	.db #0x02	; 2
      0001D6 28                     518 	.db #0x28	; 40
      0001D7 85                     519 	.db #0x85	; 133
      0001D8 18                     520 	.db #0x18	; 24
      0001D9 00                     521 	.db #0x00	; 0
      0001DA 00                     522 	.db #0x00	; 0
      0001DB 24                     523 	.db #0x24	; 36
      0001DC 24                     524 	.db #0x24	; 36
      0001DD 00                     525 	.db #0x00	; 0
      0001DE 00                     526 	.db #0x00	; 0
      0001DF 91                     527 	.db #0x91	; 145
      0001E0 2F                     528 	.db #0x2f	; 47
      0001E1 85                     529 	.db #0x85	; 133
      0001E2 18                     530 	.db #0x18	; 24
      0001E3 91                     531 	.db #0x91	; 145
      0001E4 10                     532 	.db #0x10	; 16
      0001E5 80                     533 	.db #0x80	; 128
      0001E6 82                     534 	.db #0x82	; 130
      0001E7 01                     535 	.db #0x01	; 1
      0001E8 2C                     536 	.db #0x2c	; 44
      0001E9 24                     537 	.db #0x24	; 36
      0001EA 20                     538 	.db #0x20	; 32
      0001EB 00                     539 	.db #0x00	; 0
      0001EC 28                     540 	.db #0x28	; 40
      0001ED 85                     541 	.db #0x85	; 133
      0001EE 18                     542 	.db #0x18	; 24
      0001EF 00                     543 	.db #0x00	; 0
      0001F0 8C                     544 	.db #0x8c	; 140
      0001F1 82                     545 	.db #0x82	; 130
      0001F2 02                     546 	.db #0x02	; 2
      0001F3 24                     547 	.db #0x24	; 36
      0001F4 24                     548 	.db #0x24	; 36
      0001F5 00                     549 	.db #0x00	; 0
      0001F6 00                     550 	.db #0x00	; 0
      0001F7 20                     551 	.db #0x20	; 32
      0001F8 85                     552 	.db #0x85	; 133
      0001F9 18                     553 	.db #0x18	; 24
      0001FA 00                     554 	.db #0x00	; 0
      0001FB 80                     555 	.db #0x80	; 128
      0001FC 82                     556 	.db #0x82	; 130
      0001FD 01                     557 	.db #0x01	; 1
      0001FE 00                     558 	.db #0x00	; 0
      0001FF 24                     559 	.db #0x24	; 36
      000200 00                     560 	.db #0x00	; 0
      000201 00                     561 	.db #0x00	; 0
      000202 98                     562 	.db #0x98	; 152
      000203 2F                     563 	.db #0x2f	; 47
      000204 8C                     564 	.db #0x8c	; 140
      000205 18                     565 	.db #0x18	; 24
      000206 8C                     566 	.db #0x8c	; 140
      000207 10                     567 	.db #0x10	; 16
      000208 80                     568 	.db #0x80	; 128
      000209 82                     569 	.db #0x82	; 130
      00020A 01                     570 	.db #0x01	; 1
      00020B 2C                     571 	.db #0x2c	; 44
      00020C 24                     572 	.db #0x24	; 36
      00020D 00                     573 	.db #0x00	; 0
      00020E 00                     574 	.db #0x00	; 0
      00020F 98                     575 	.db #0x98	; 152
      000210 2F                     576 	.db #0x2f	; 47
      000211 8C                     577 	.db #0x8c	; 140
      000212 18                     578 	.db #0x18	; 24
      000213 20                     579 	.db #0x20	; 32
      000214 00                     580 	.db #0x00	; 0
      000215 2C                     581 	.db #0x2c	; 44
      000216 24                     582 	.db #0x24	; 36
      000217 00                     583 	.db #0x00	; 0
      000218 00                     584 	.db #0x00	; 0
      000219 98                     585 	.db #0x98	; 152
      00021A 2F                     586 	.db #0x2f	; 47
      00021B 8C                     587 	.db #0x8c	; 140
      00021C 18                     588 	.db #0x18	; 24
      00021D 8C                     589 	.db #0x8c	; 140
      00021E 10                     590 	.db #0x10	; 16
      00021F 80                     591 	.db #0x80	; 128
      000220 82                     592 	.db #0x82	; 130
      000221 01                     593 	.db #0x01	; 1
      000222 2C                     594 	.db #0x2c	; 44
      000223 24                     595 	.db #0x24	; 36
      000224 00                     596 	.db #0x00	; 0
      000225 00                     597 	.db #0x00	; 0
      000226 98                     598 	.db #0x98	; 152
      000227 2F                     599 	.db #0x2f	; 47
      000228 8C                     600 	.db #0x8c	; 140
      000229 18                     601 	.db #0x18	; 24
      00022A 20                     602 	.db #0x20	; 32
      00022B 00                     603 	.db #0x00	; 0
      00022C 2C                     604 	.db #0x2c	; 44
      00022D 24                     605 	.db #0x24	; 36
      00022E 00                     606 	.db #0x00	; 0
      00022F 00                     607 	.db #0x00	; 0
      000230 98                     608 	.db #0x98	; 152
      000231 2F                     609 	.db #0x2f	; 47
      000232 8C                     610 	.db #0x8c	; 140
      000233 18                     611 	.db #0x18	; 24
      000234 8C                     612 	.db #0x8c	; 140
      000235 10                     613 	.db #0x10	; 16
      000236 80                     614 	.db #0x80	; 128
      000237 82                     615 	.db #0x82	; 130
      000238 01                     616 	.db #0x01	; 1
      000239 2C                     617 	.db #0x2c	; 44
      00023A 24                     618 	.db #0x24	; 36
      00023B 00                     619 	.db #0x00	; 0
      00023C 00                     620 	.db #0x00	; 0
      00023D 98                     621 	.db #0x98	; 152
      00023E 2F                     622 	.db #0x2f	; 47
      00023F 8C                     623 	.db #0x8c	; 140
      000240 18                     624 	.db #0x18	; 24
      000241 20                     625 	.db #0x20	; 32
      000242 00                     626 	.db #0x00	; 0
      000243 2C                     627 	.db #0x2c	; 44
      000244 24                     628 	.db #0x24	; 36
      000245 00                     629 	.db #0x00	; 0
      000246 00                     630 	.db #0x00	; 0
      000247 96                     631 	.db #0x96	; 150
      000248 2F                     632 	.db #0x2f	; 47
      000249 85                     633 	.db #0x85	; 133
      00024A 18                     634 	.db #0x18	; 24
      00024B 8C                     635 	.db #0x8c	; 140
      00024C 10                     636 	.db #0x10	; 16
      00024D 8C                     637 	.db #0x8c	; 140
      00024E 82                     638 	.db #0x82	; 130
      00024F 02                     639 	.db #0x02	; 2
      000250 2C                     640 	.db #0x2c	; 44
      000251 24                     641 	.db #0x24	; 36
      000252 00                     642 	.db #0x00	; 0
      000253 00                     643 	.db #0x00	; 0
      000254 95                     644 	.db #0x95	; 149
      000255 2F                     645 	.db #0x2f	; 47
      000256 85                     646 	.db #0x85	; 133
      000257 18                     647 	.db #0x18	; 24
      000258 20                     648 	.db #0x20	; 32
      000259 80                     649 	.db #0x80	; 128
      00025A 82                     650 	.db #0x82	; 130
      00025B 01                     651 	.db #0x01	; 1
      00025C 2C                     652 	.db #0x2c	; 44
      00025D 24                     653 	.db #0x24	; 36
      00025E 00                     654 	.db #0x00	; 0
      00025F 8C                     655 	.db #0x8c	; 140
      000260 82                     656 	.db #0x82	; 130
      000261 01                     657 	.db #0x01	; 1
      000262 96                     658 	.db #0x96	; 150
      000263 2F                     659 	.db #0x2f	; 47
      000264 87                     660 	.db #0x87	; 135
      000265 18                     661 	.db #0x18	; 24
      000266 87                     662 	.db #0x87	; 135
      000267 10                     663 	.db #0x10	; 16
      000268 80                     664 	.db #0x80	; 128
      000269 82                     665 	.db #0x82	; 130
      00026A 01                     666 	.db #0x01	; 1
      00026B 2C                     667 	.db #0x2c	; 44
      00026C 24                     668 	.db #0x24	; 36
      00026D 20                     669 	.db #0x20	; 32
      00026E 00                     670 	.db #0x00	; 0
      00026F 95                     671 	.db #0x95	; 149
      000270 2F                     672 	.db #0x2f	; 47
      000271 87                     673 	.db #0x87	; 135
      000272 18                     674 	.db #0x18	; 24
      000273 87                     675 	.db #0x87	; 135
      000274 10                     676 	.db #0x10	; 16
      000275 80                     677 	.db #0x80	; 128
      000276 82                     678 	.db #0x82	; 130
      000277 01                     679 	.db #0x01	; 1
      000278 2C                     680 	.db #0x2c	; 44
      000279 24                     681 	.db #0x24	; 36
      00027A 20                     682 	.db #0x20	; 32
      00027B 00                     683 	.db #0x00	; 0
      00027C 28                     684 	.db #0x28	; 40
      00027D 87                     685 	.db #0x87	; 135
      00027E 18                     686 	.db #0x18	; 24
      00027F 87                     687 	.db #0x87	; 135
      000280 10                     688 	.db #0x10	; 16
      000281 8C                     689 	.db #0x8c	; 140
      000282 82                     690 	.db #0x82	; 130
      000283 01                     691 	.db #0x01	; 1
      000284 24                     692 	.db #0x24	; 36
      000285 24                     693 	.db #0x24	; 36
      000286 20                     694 	.db #0x20	; 32
      000287 00                     695 	.db #0x00	; 0
      000288 93                     696 	.db #0x93	; 147
      000289 2F                     697 	.db #0x2f	; 47
      00028A 87                     698 	.db #0x87	; 135
      00028B 18                     699 	.db #0x18	; 24
      00028C 87                     700 	.db #0x87	; 135
      00028D 10                     701 	.db #0x10	; 16
      00028E 80                     702 	.db #0x80	; 128
      00028F 82                     703 	.db #0x82	; 130
      000290 01                     704 	.db #0x01	; 1
      000291 2C                     705 	.db #0x2c	; 44
      000292 24                     706 	.db #0x24	; 36
      000293 20                     707 	.db #0x20	; 32
      000294 00                     708 	.db #0x00	; 0
      000295 28                     709 	.db #0x28	; 40
      000296 87                     710 	.db #0x87	; 135
      000297 18                     711 	.db #0x18	; 24
      000298 00                     712 	.db #0x00	; 0
      000299 8C                     713 	.db #0x8c	; 140
      00029A 82                     714 	.db #0x82	; 130
      00029B 02                     715 	.db #0x02	; 2
      00029C 24                     716 	.db #0x24	; 36
      00029D 24                     717 	.db #0x24	; 36
      00029E 00                     718 	.db #0x00	; 0
      00029F 00                     719 	.db #0x00	; 0
      0002A0 20                     720 	.db #0x20	; 32
      0002A1 87                     721 	.db #0x87	; 135
      0002A2 18                     722 	.db #0x18	; 24
      0002A3 87                     723 	.db #0x87	; 135
      0002A4 10                     724 	.db #0x10	; 16
      0002A5 80                     725 	.db #0x80	; 128
      0002A6 82                     726 	.db #0x82	; 130
      0002A7 01                     727 	.db #0x01	; 1
      0002A8 00                     728 	.db #0x00	; 0
      0002A9 24                     729 	.db #0x24	; 36
      0002AA 20                     730 	.db #0x20	; 32
      0002AB 00                     731 	.db #0x00	; 0
      0002AC 00                     732 	.db #0x00	; 0
      0002AD 87                     733 	.db #0x87	; 135
      0002AE 18                     734 	.db #0x18	; 24
      0002AF 00                     735 	.db #0x00	; 0
      0002B0 8C                     736 	.db #0x8c	; 140
      0002B1 82                     737 	.db #0x82	; 130
      0002B2 03                     738 	.db #0x03	; 3
      0002B3 00                     739 	.db #0x00	; 0
      0002B4 24                     740 	.db #0x24	; 36
      0002B5 00                     741 	.db #0x00	; 0
      0002B6 00                     742 	.db #0x00	; 0
      0002B7 00                     743 	.db #0x00	; 0
      0002B8 87                     744 	.db #0x87	; 135
      0002B9 18                     745 	.db #0x18	; 24
      0002BA 00                     746 	.db #0x00	; 0
      0002BB 00                     747 	.db #0x00	; 0
      0002BC 00                     748 	.db #0x00	; 0
      0002BD 24                     749 	.db #0x24	; 36
      0002BE 00                     750 	.db #0x00	; 0
      0002BF 00                     751 	.db #0x00	; 0
                           0002C0   752 G$song2$0_0$0 == .
      0002C0                        753 _song2:
      0002C0 93                     754 	.db #0x93	; 147
      0002C1 2F                     755 	.db #0x2f	; 47
      0002C2 87                     756 	.db #0x87	; 135
      0002C3 18                     757 	.db #0x18	; 24
      0002C4 93                     758 	.db #0x93	; 147
      0002C5 10                     759 	.db #0x10	; 16
      0002C6 80                     760 	.db #0x80	; 128
      0002C7 82                     761 	.db #0x82	; 130
      0002C8 01                     762 	.db #0x01	; 1
      0002C9 2C                     763 	.db #0x2c	; 44
      0002CA 24                     764 	.db #0x24	; 36
      0002CB 00                     765 	.db #0x00	; 0
      0002CC 00                     766 	.db #0x00	; 0
      0002CD 93                     767 	.db #0x93	; 147
      0002CE 2F                     768 	.db #0x2f	; 47
      0002CF 87                     769 	.db #0x87	; 135
      0002D0 18                     770 	.db #0x18	; 24
      0002D1 20                     771 	.db #0x20	; 32
      0002D2 00                     772 	.db #0x00	; 0
      0002D3 2C                     773 	.db #0x2c	; 44
      0002D4 24                     774 	.db #0x24	; 36
      0002D5 00                     775 	.db #0x00	; 0
      0002D6 00                     776 	.db #0x00	; 0
      0002D7 28                     777 	.db #0x28	; 40
      0002D8 87                     778 	.db #0x87	; 135
      0002D9 18                     779 	.db #0x18	; 24
      0002DA 93                     780 	.db #0x93	; 147
      0002DB 10                     781 	.db #0x10	; 16
      0002DC 80                     782 	.db #0x80	; 128
      0002DD 82                     783 	.db #0x82	; 130
      0002DE 01                     784 	.db #0x01	; 1
      0002DF 24                     785 	.db #0x24	; 36
      0002E0 24                     786 	.db #0x24	; 36
      0002E1 00                     787 	.db #0x00	; 0
      0002E2 00                     788 	.db #0x00	; 0
      0002E3 93                     789 	.db #0x93	; 147
      0002E4 2F                     790 	.db #0x2f	; 47
      0002E5 87                     791 	.db #0x87	; 135
      0002E6 18                     792 	.db #0x18	; 24
      0002E7 20                     793 	.db #0x20	; 32
      0002E8 00                     794 	.db #0x00	; 0
      0002E9 2C                     795 	.db #0x2c	; 44
      0002EA 24                     796 	.db #0x24	; 36
      0002EB 00                     797 	.db #0x00	; 0
      0002EC 00                     798 	.db #0x00	; 0
      0002ED 93                     799 	.db #0x93	; 147
      0002EE 2F                     800 	.db #0x2f	; 47
      0002EF 87                     801 	.db #0x87	; 135
      0002F0 18                     802 	.db #0x18	; 24
      0002F1 93                     803 	.db #0x93	; 147
      0002F2 10                     804 	.db #0x10	; 16
      0002F3 80                     805 	.db #0x80	; 128
      0002F4 82                     806 	.db #0x82	; 130
      0002F5 01                     807 	.db #0x01	; 1
      0002F6 2C                     808 	.db #0x2c	; 44
      0002F7 24                     809 	.db #0x24	; 36
      0002F8 00                     810 	.db #0x00	; 0
      0002F9 00                     811 	.db #0x00	; 0
      0002FA 93                     812 	.db #0x93	; 147
      0002FB 2F                     813 	.db #0x2f	; 47
      0002FC 87                     814 	.db #0x87	; 135
      0002FD 18                     815 	.db #0x18	; 24
      0002FE 20                     816 	.db #0x20	; 32
      0002FF 00                     817 	.db #0x00	; 0
      000300 2C                     818 	.db #0x2c	; 44
      000301 24                     819 	.db #0x24	; 36
      000302 00                     820 	.db #0x00	; 0
      000303 00                     821 	.db #0x00	; 0
      000304 28                     822 	.db #0x28	; 40
      000305 87                     823 	.db #0x87	; 135
      000306 18                     824 	.db #0x18	; 24
      000307 93                     825 	.db #0x93	; 147
      000308 10                     826 	.db #0x10	; 16
      000309 8C                     827 	.db #0x8c	; 140
      00030A 82                     828 	.db #0x82	; 130
      00030B 02                     829 	.db #0x02	; 2
      00030C 24                     830 	.db #0x24	; 36
      00030D 24                     831 	.db #0x24	; 36
      00030E 00                     832 	.db #0x00	; 0
      00030F 00                     833 	.db #0x00	; 0
      000310 93                     834 	.db #0x93	; 147
      000311 2F                     835 	.db #0x2f	; 47
      000312 87                     836 	.db #0x87	; 135
      000313 18                     837 	.db #0x18	; 24
      000314 20                     838 	.db #0x20	; 32
      000315 00                     839 	.db #0x00	; 0
      000316 2C                     840 	.db #0x2c	; 44
      000317 24                     841 	.db #0x24	; 36
      000318 00                     842 	.db #0x00	; 0
      000319 8C                     843 	.db #0x8c	; 140
      00031A 82                     844 	.db #0x82	; 130
      00031B 02                     845 	.db #0x02	; 2
      00031C 91                     846 	.db #0x91	; 145
      00031D 2F                     847 	.db #0x2f	; 47
      00031E 85                     848 	.db #0x85	; 133
      00031F 18                     849 	.db #0x18	; 24
      000320 91                     850 	.db #0x91	; 145
      000321 10                     851 	.db #0x10	; 16
      000322 80                     852 	.db #0x80	; 128
      000323 82                     853 	.db #0x82	; 130
      000324 01                     854 	.db #0x01	; 1
      000325 2C                     855 	.db #0x2c	; 44
      000326 24                     856 	.db #0x24	; 36
      000327 20                     857 	.db #0x20	; 32
      000328 00                     858 	.db #0x00	; 0
      000329 91                     859 	.db #0x91	; 145
      00032A 2F                     860 	.db #0x2f	; 47
      00032B 85                     861 	.db #0x85	; 133
      00032C 18                     862 	.db #0x18	; 24
      00032D 00                     863 	.db #0x00	; 0
      00032E 80                     864 	.db #0x80	; 128
      00032F 82                     865 	.db #0x82	; 130
      000330 01                     866 	.db #0x01	; 1
      000331 2C                     867 	.db #0x2c	; 44
      000332 24                     868 	.db #0x24	; 36
      000333 00                     869 	.db #0x00	; 0
      000334 00                     870 	.db #0x00	; 0
      000335 91                     871 	.db #0x91	; 145
      000336 2F                     872 	.db #0x2f	; 47
      000337 85                     873 	.db #0x85	; 133
      000338 18                     874 	.db #0x18	; 24
      000339 91                     875 	.db #0x91	; 145
      00033A 10                     876 	.db #0x10	; 16
      00033B 8C                     877 	.db #0x8c	; 140
      00033C 82                     878 	.db #0x82	; 130
      00033D 01                     879 	.db #0x01	; 1
      00033E 2C                     880 	.db #0x2c	; 44
      00033F 24                     881 	.db #0x24	; 36
      000340 20                     882 	.db #0x20	; 32
      000341 00                     883 	.db #0x00	; 0
      000342 91                     884 	.db #0x91	; 145
      000343 2F                     885 	.db #0x2f	; 47
      000344 85                     886 	.db #0x85	; 133
      000345 18                     887 	.db #0x18	; 24
      000346 91                     888 	.db #0x91	; 145
      000347 10                     889 	.db #0x10	; 16
      000348 80                     890 	.db #0x80	; 128
      000349 82                     891 	.db #0x82	; 130
      00034A 01                     892 	.db #0x01	; 1
      00034B 2C                     893 	.db #0x2c	; 44
      00034C 24                     894 	.db #0x24	; 36
      00034D 20                     895 	.db #0x20	; 32
      00034E 00                     896 	.db #0x00	; 0
      00034F 28                     897 	.db #0x28	; 40
      000350 85                     898 	.db #0x85	; 133
      000351 18                     899 	.db #0x18	; 24
      000352 00                     900 	.db #0x00	; 0
      000353 00                     901 	.db #0x00	; 0
      000354 24                     902 	.db #0x24	; 36
      000355 24                     903 	.db #0x24	; 36
      000356 00                     904 	.db #0x00	; 0
      000357 00                     905 	.db #0x00	; 0
      000358 91                     906 	.db #0x91	; 145
      000359 2F                     907 	.db #0x2f	; 47
      00035A 85                     908 	.db #0x85	; 133
      00035B 18                     909 	.db #0x18	; 24
      00035C 91                     910 	.db #0x91	; 145
      00035D 10                     911 	.db #0x10	; 16
      00035E 80                     912 	.db #0x80	; 128
      00035F 82                     913 	.db #0x82	; 130
      000360 01                     914 	.db #0x01	; 1
      000361 2C                     915 	.db #0x2c	; 44
      000362 24                     916 	.db #0x24	; 36
      000363 20                     917 	.db #0x20	; 32
      000364 00                     918 	.db #0x00	; 0
      000365 28                     919 	.db #0x28	; 40
      000366 85                     920 	.db #0x85	; 133
      000367 18                     921 	.db #0x18	; 24
      000368 00                     922 	.db #0x00	; 0
      000369 8C                     923 	.db #0x8c	; 140
      00036A 82                     924 	.db #0x82	; 130
      00036B 02                     925 	.db #0x02	; 2
      00036C 24                     926 	.db #0x24	; 36
      00036D 24                     927 	.db #0x24	; 36
      00036E 00                     928 	.db #0x00	; 0
      00036F 00                     929 	.db #0x00	; 0
      000370 20                     930 	.db #0x20	; 32
      000371 85                     931 	.db #0x85	; 133
      000372 18                     932 	.db #0x18	; 24
      000373 00                     933 	.db #0x00	; 0
      000374 80                     934 	.db #0x80	; 128
      000375 82                     935 	.db #0x82	; 130
      000376 01                     936 	.db #0x01	; 1
      000377 00                     937 	.db #0x00	; 0
      000378 24                     938 	.db #0x24	; 36
      000379 00                     939 	.db #0x00	; 0
      00037A 00                     940 	.db #0x00	; 0
      00037B 9B                     941 	.db #0x9b	; 155
      00037C 2F                     942 	.db #0x2f	; 47
      00037D 83                     943 	.db #0x83	; 131
      00037E 18                     944 	.db #0x18	; 24
      00037F 8F                     945 	.db #0x8f	; 143
      000380 10                     946 	.db #0x10	; 16
      000381 80                     947 	.db #0x80	; 128
      000382 82                     948 	.db #0x82	; 130
      000383 01                     949 	.db #0x01	; 1
      000384 2C                     950 	.db #0x2c	; 44
      000385 24                     951 	.db #0x24	; 36
      000386 00                     952 	.db #0x00	; 0
      000387 00                     953 	.db #0x00	; 0
      000388 9B                     954 	.db #0x9b	; 155
      000389 2F                     955 	.db #0x2f	; 47
      00038A 83                     956 	.db #0x83	; 131
      00038B 18                     957 	.db #0x18	; 24
      00038C 20                     958 	.db #0x20	; 32
      00038D 00                     959 	.db #0x00	; 0
      00038E 2C                     960 	.db #0x2c	; 44
      00038F 24                     961 	.db #0x24	; 36
      000390 00                     962 	.db #0x00	; 0
      000391 00                     963 	.db #0x00	; 0
      000392 9B                     964 	.db #0x9b	; 155
      000393 2F                     965 	.db #0x2f	; 47
      000394 83                     966 	.db #0x83	; 131
      000395 18                     967 	.db #0x18	; 24
      000396 8F                     968 	.db #0x8f	; 143
      000397 10                     969 	.db #0x10	; 16
      000398 80                     970 	.db #0x80	; 128
      000399 82                     971 	.db #0x82	; 130
      00039A 01                     972 	.db #0x01	; 1
      00039B 2C                     973 	.db #0x2c	; 44
      00039C 24                     974 	.db #0x24	; 36
      00039D 00                     975 	.db #0x00	; 0
      00039E 00                     976 	.db #0x00	; 0
      00039F 9B                     977 	.db #0x9b	; 155
      0003A0 2F                     978 	.db #0x2f	; 47
      0003A1 83                     979 	.db #0x83	; 131
      0003A2 18                     980 	.db #0x18	; 24
      0003A3 20                     981 	.db #0x20	; 32
      0003A4 00                     982 	.db #0x00	; 0
      0003A5 2C                     983 	.db #0x2c	; 44
      0003A6 24                     984 	.db #0x24	; 36
      0003A7 00                     985 	.db #0x00	; 0
      0003A8 00                     986 	.db #0x00	; 0
      0003A9 9B                     987 	.db #0x9b	; 155
      0003AA 2F                     988 	.db #0x2f	; 47
      0003AB 83                     989 	.db #0x83	; 131
      0003AC 18                     990 	.db #0x18	; 24
      0003AD 8F                     991 	.db #0x8f	; 143
      0003AE 10                     992 	.db #0x10	; 16
      0003AF 80                     993 	.db #0x80	; 128
      0003B0 82                     994 	.db #0x82	; 130
      0003B1 01                     995 	.db #0x01	; 1
      0003B2 2C                     996 	.db #0x2c	; 44
      0003B3 24                     997 	.db #0x24	; 36
      0003B4 00                     998 	.db #0x00	; 0
      0003B5 00                     999 	.db #0x00	; 0
      0003B6 9B                    1000 	.db #0x9b	; 155
      0003B7 2F                    1001 	.db #0x2f	; 47
      0003B8 83                    1002 	.db #0x83	; 131
      0003B9 18                    1003 	.db #0x18	; 24
      0003BA 20                    1004 	.db #0x20	; 32
      0003BB 00                    1005 	.db #0x00	; 0
      0003BC 2C                    1006 	.db #0x2c	; 44
      0003BD 24                    1007 	.db #0x24	; 36
      0003BE 00                    1008 	.db #0x00	; 0
      0003BF 00                    1009 	.db #0x00	; 0
      0003C0 9A                    1010 	.db #0x9a	; 154
      0003C1 2F                    1011 	.db #0x2f	; 47
      0003C2 83                    1012 	.db #0x83	; 131
      0003C3 18                    1013 	.db #0x18	; 24
      0003C4 8E                    1014 	.db #0x8e	; 142
      0003C5 10                    1015 	.db #0x10	; 16
      0003C6 8C                    1016 	.db #0x8c	; 140
      0003C7 82                    1017 	.db #0x82	; 130
      0003C8 03                    1018 	.db #0x03	; 3
      0003C9 2C                    1019 	.db #0x2c	; 44
      0003CA 24                    1020 	.db #0x24	; 36
      0003CB 20                    1021 	.db #0x20	; 32
      0003CC 00                    1022 	.db #0x00	; 0
      0003CD 98                    1023 	.db #0x98	; 152
      0003CE 2F                    1024 	.db #0x2f	; 47
      0003CF 83                    1025 	.db #0x83	; 131
      0003D0 18                    1026 	.db #0x18	; 24
      0003D1 8E                    1027 	.db #0x8e	; 142
      0003D2 10                    1028 	.db #0x10	; 16
      0003D3 00                    1029 	.db #0x00	; 0
      0003D4 2C                    1030 	.db #0x2c	; 44
      0003D5 24                    1031 	.db #0x24	; 36
      0003D6 20                    1032 	.db #0x20	; 32
      0003D7 8C                    1033 	.db #0x8c	; 140
      0003D8 82                    1034 	.db #0x82	; 130
      0003D9 01                    1035 	.db #0x01	; 1
      0003DA 96                    1036 	.db #0x96	; 150
      0003DB 2F                    1037 	.db #0x2f	; 47
      0003DC 82                    1038 	.db #0x82	; 130
      0003DD 18                    1039 	.db #0x18	; 24
      0003DE 8E                    1040 	.db #0x8e	; 142
      0003DF 10                    1041 	.db #0x10	; 16
      0003E0 80                    1042 	.db #0x80	; 128
      0003E1 82                    1043 	.db #0x82	; 130
      0003E2 01                    1044 	.db #0x01	; 1
      0003E3 2C                    1045 	.db #0x2c	; 44
      0003E4 24                    1046 	.db #0x24	; 36
      0003E5 20                    1047 	.db #0x20	; 32
      0003E6 00                    1048 	.db #0x00	; 0
      0003E7 98                    1049 	.db #0x98	; 152
      0003E8 2F                    1050 	.db #0x2f	; 47
      0003E9 82                    1051 	.db #0x82	; 130
      0003EA 18                    1052 	.db #0x18	; 24
      0003EB 8E                    1053 	.db #0x8e	; 142
      0003EC 10                    1054 	.db #0x10	; 16
      0003ED 80                    1055 	.db #0x80	; 128
      0003EE 82                    1056 	.db #0x82	; 130
      0003EF 01                    1057 	.db #0x01	; 1
      0003F0 2C                    1058 	.db #0x2c	; 44
      0003F1 24                    1059 	.db #0x24	; 36
      0003F2 20                    1060 	.db #0x20	; 32
      0003F3 00                    1061 	.db #0x00	; 0
      0003F4 28                    1062 	.db #0x28	; 40
      0003F5 82                    1063 	.db #0x82	; 130
      0003F6 18                    1064 	.db #0x18	; 24
      0003F7 00                    1065 	.db #0x00	; 0
      0003F8 8C                    1066 	.db #0x8c	; 140
      0003F9 82                    1067 	.db #0x82	; 130
      0003FA 01                    1068 	.db #0x01	; 1
      0003FB 24                    1069 	.db #0x24	; 36
      0003FC 24                    1070 	.db #0x24	; 36
      0003FD 00                    1071 	.db #0x00	; 0
      0003FE 00                    1072 	.db #0x00	; 0
      0003FF 9A                    1073 	.db #0x9a	; 154
      000400 2F                    1074 	.db #0x2f	; 47
      000401 82                    1075 	.db #0x82	; 130
      000402 18                    1076 	.db #0x18	; 24
      000403 8E                    1077 	.db #0x8e	; 142
      000404 10                    1078 	.db #0x10	; 16
      000405 80                    1079 	.db #0x80	; 128
      000406 82                    1080 	.db #0x82	; 130
      000407 01                    1081 	.db #0x01	; 1
      000408 2C                    1082 	.db #0x2c	; 44
      000409 24                    1083 	.db #0x24	; 36
      00040A 20                    1084 	.db #0x20	; 32
      00040B 00                    1085 	.db #0x00	; 0
      00040C 28                    1086 	.db #0x28	; 40
      00040D 82                    1087 	.db #0x82	; 130
      00040E 18                    1088 	.db #0x18	; 24
      00040F 00                    1089 	.db #0x00	; 0
      000410 8C                    1090 	.db #0x8c	; 140
      000411 82                    1091 	.db #0x82	; 130
      000412 02                    1092 	.db #0x02	; 2
      000413 24                    1093 	.db #0x24	; 36
      000414 24                    1094 	.db #0x24	; 36
      000415 00                    1095 	.db #0x00	; 0
      000416 00                    1096 	.db #0x00	; 0
      000417 20                    1097 	.db #0x20	; 32
      000418 82                    1098 	.db #0x82	; 130
      000419 18                    1099 	.db #0x18	; 24
      00041A 8E                    1100 	.db #0x8e	; 142
      00041B 10                    1101 	.db #0x10	; 16
      00041C 80                    1102 	.db #0x80	; 128
      00041D 82                    1103 	.db #0x82	; 130
      00041E 01                    1104 	.db #0x01	; 1
      00041F 00                    1105 	.db #0x00	; 0
      000420 24                    1106 	.db #0x24	; 36
      000421 20                    1107 	.db #0x20	; 32
      000422 00                    1108 	.db #0x00	; 0
      000423 00                    1109 	.db #0x00	; 0
      000424 82                    1110 	.db #0x82	; 130
      000425 18                    1111 	.db #0x18	; 24
      000426 8E                    1112 	.db #0x8e	; 142
      000427 10                    1113 	.db #0x10	; 16
      000428 8C                    1114 	.db #0x8c	; 140
      000429 82                    1115 	.db #0x82	; 130
      00042A 03                    1116 	.db #0x03	; 3
      00042B 00                    1117 	.db #0x00	; 0
      00042C 24                    1118 	.db #0x24	; 36
      00042D 20                    1119 	.db #0x20	; 32
      00042E 00                    1120 	.db #0x00	; 0
      00042F 00                    1121 	.db #0x00	; 0
      000430 82                    1122 	.db #0x82	; 130
      000431 18                    1123 	.db #0x18	; 24
      000432 8E                    1124 	.db #0x8e	; 142
      000433 10                    1125 	.db #0x10	; 16
      000434 8C                    1126 	.db #0x8c	; 140
      000435 82                    1127 	.db #0x82	; 130
      000436 04                    1128 	.db #0x04	; 4
      000437 00                    1129 	.db #0x00	; 0
      000438 24                    1130 	.db #0x24	; 36
      000439 20                    1131 	.db #0x20	; 32
      00043A 00                    1132 	.db #0x00	; 0
                           00043B  1133 G$song3$0_0$0 == .
      00043B                       1134 _song3:
      00043B 9B                    1135 	.db #0x9b	; 155
      00043C 2F                    1136 	.db #0x2f	; 47
      00043D 94                    1137 	.db #0x94	; 148
      00043E 1F                    1138 	.db #0x1f	; 31
      00043F 94                    1139 	.db #0x94	; 148
      000440 10                    1140 	.db #0x10	; 16
      000441 80                    1141 	.db #0x80	; 128
      000442 82                    1142 	.db #0x82	; 130
      000443 02                    1143 	.db #0x02	; 2
      000444 2C                    1144 	.db #0x2c	; 44
      000445 28                    1145 	.db #0x28	; 40
      000446 00                    1146 	.db #0x00	; 0
      000447 00                    1147 	.db #0x00	; 0
      000448 9B                    1148 	.db #0x9b	; 155
      000449 2F                    1149 	.db #0x2f	; 47
      00044A 24                    1150 	.db #0x24	; 36
      00044B 00                    1151 	.db #0x00	; 0
      00044C 8C                    1152 	.db #0x8c	; 140
      00044D 82                    1153 	.db #0x82	; 130
      00044E 01                    1154 	.db #0x01	; 1
      00044F 2C                    1155 	.db #0x2c	; 44
      000450 20                    1156 	.db #0x20	; 32
      000451 00                    1157 	.db #0x00	; 0
      000452 00                    1158 	.db #0x00	; 0
      000453 9B                    1159 	.db #0x9b	; 155
      000454 2F                    1160 	.db #0x2f	; 47
      000455 91                    1161 	.db #0x91	; 145
      000456 1F                    1162 	.db #0x1f	; 31
      000457 00                    1163 	.db #0x00	; 0
      000458 80                    1164 	.db #0x80	; 128
      000459 82                    1165 	.db #0x82	; 130
      00045A 01                    1166 	.db #0x01	; 1
      00045B 2C                    1167 	.db #0x2c	; 44
      00045C 28                    1168 	.db #0x28	; 40
      00045D 00                    1169 	.db #0x00	; 0
      00045E 00                    1170 	.db #0x00	; 0
      00045F 9B                    1171 	.db #0x9b	; 155
      000460 2F                    1172 	.db #0x2f	; 47
      000461 24                    1173 	.db #0x24	; 36
      000462 00                    1174 	.db #0x00	; 0
      000463 80                    1175 	.db #0x80	; 128
      000464 82                    1176 	.db #0x82	; 130
      000465 01                    1177 	.db #0x01	; 1
      000466 2C                    1178 	.db #0x2c	; 44
      000467 20                    1179 	.db #0x20	; 32
      000468 00                    1180 	.db #0x00	; 0
      000469 00                    1181 	.db #0x00	; 0
      00046A 28                    1182 	.db #0x28	; 40
      00046B 8E                    1183 	.db #0x8e	; 142
      00046C 1F                    1184 	.db #0x1f	; 31
      00046D 94                    1185 	.db #0x94	; 148
      00046E 20                    1186 	.db #0x20	; 32
      00046F 8C                    1187 	.db #0x8c	; 140
      000470 82                    1188 	.db #0x82	; 130
      000471 02                    1189 	.db #0x02	; 2
      000472 24                    1190 	.db #0x24	; 36
      000473 28                    1191 	.db #0x28	; 40
      000474 00                    1192 	.db #0x00	; 0
      000475 00                    1193 	.db #0x00	; 0
      000476 9B                    1194 	.db #0x9b	; 155
      000477 2F                    1195 	.db #0x2f	; 47
      000478 91                    1196 	.db #0x91	; 145
      000479 1F                    1197 	.db #0x1f	; 31
      00047A 00                    1198 	.db #0x00	; 0
      00047B 80                    1199 	.db #0x80	; 128
      00047C 82                    1200 	.db #0x82	; 130
      00047D 01                    1201 	.db #0x01	; 1
      00047E 2C                    1202 	.db #0x2c	; 44
      00047F 28                    1203 	.db #0x28	; 40
      000480 00                    1204 	.db #0x00	; 0
      000481 00                    1205 	.db #0x00	; 0
      000482 9A                    1206 	.db #0x9a	; 154
      000483 2F                    1207 	.db #0x2f	; 47
      000484 24                    1208 	.db #0x24	; 36
      000485 94                    1209 	.db #0x94	; 148
      000486 30                    1210 	.db #0x30	; 48	'0'
      000487 8C                    1211 	.db #0x8c	; 140
      000488 82                    1212 	.db #0x82	; 130
      000489 02                    1213 	.db #0x02	; 2
      00048A 2C                    1214 	.db #0x2c	; 44
      00048B 20                    1215 	.db #0x20	; 32
      00048C 00                    1216 	.db #0x00	; 0
      00048D 00                    1217 	.db #0x00	; 0
      00048E 98                    1218 	.db #0x98	; 152
      00048F 2F                    1219 	.db #0x2f	; 47
      000490 00                    1220 	.db #0x00	; 0
      000491 00                    1221 	.db #0x00	; 0
      000492 80                    1222 	.db #0x80	; 128
      000493 82                    1223 	.db #0x82	; 130
      000494 01                    1224 	.db #0x01	; 1
      000495 2C                    1225 	.db #0x2c	; 44
      000496 00                    1226 	.db #0x00	; 0
      000497 00                    1227 	.db #0x00	; 0
      000498 00                    1228 	.db #0x00	; 0
      000499 9A                    1229 	.db #0x9a	; 154
      00049A 2F                    1230 	.db #0x2f	; 47
      00049B 93                    1231 	.db #0x93	; 147
      00049C 1F                    1232 	.db #0x1f	; 31
      00049D 96                    1233 	.db #0x96	; 150
      00049E 10                    1234 	.db #0x10	; 16
      00049F 80                    1235 	.db #0x80	; 128
      0004A0 82                    1236 	.db #0x82	; 130
      0004A1 01                    1237 	.db #0x01	; 1
      0004A2 2C                    1238 	.db #0x2c	; 44
      0004A3 28                    1239 	.db #0x28	; 40
      0004A4 00                    1240 	.db #0x00	; 0
      0004A5 00                    1241 	.db #0x00	; 0
      0004A6 9A                    1242 	.db #0x9a	; 154
      0004A7 2F                    1243 	.db #0x2f	; 47
      0004A8 24                    1244 	.db #0x24	; 36
      0004A9 00                    1245 	.db #0x00	; 0
      0004AA 8C                    1246 	.db #0x8c	; 140
      0004AB 82                    1247 	.db #0x82	; 130
      0004AC 02                    1248 	.db #0x02	; 2
      0004AD 2C                    1249 	.db #0x2c	; 44
      0004AE 20                    1250 	.db #0x20	; 32
      0004AF 00                    1251 	.db #0x00	; 0
      0004B0 00                    1252 	.db #0x00	; 0
      0004B1 9A                    1253 	.db #0x9a	; 154
      0004B2 2F                    1254 	.db #0x2f	; 47
      0004B3 8F                    1255 	.db #0x8f	; 143
      0004B4 1F                    1256 	.db #0x1f	; 31
      0004B5 00                    1257 	.db #0x00	; 0
      0004B6 80                    1258 	.db #0x80	; 128
      0004B7 82                    1259 	.db #0x82	; 130
      0004B8 01                    1260 	.db #0x01	; 1
      0004B9 2C                    1261 	.db #0x2c	; 44
      0004BA 28                    1262 	.db #0x28	; 40
      0004BB 00                    1263 	.db #0x00	; 0
      0004BC 00                    1264 	.db #0x00	; 0
      0004BD 9A                    1265 	.db #0x9a	; 154
      0004BE 2F                    1266 	.db #0x2f	; 47
      0004BF 24                    1267 	.db #0x24	; 36
      0004C0 00                    1268 	.db #0x00	; 0
      0004C1 80                    1269 	.db #0x80	; 128
      0004C2 82                    1270 	.db #0x82	; 130
      0004C3 01                    1271 	.db #0x01	; 1
      0004C4 2C                    1272 	.db #0x2c	; 44
      0004C5 20                    1273 	.db #0x20	; 32
      0004C6 00                    1274 	.db #0x00	; 0
      0004C7 00                    1275 	.db #0x00	; 0
      0004C8 28                    1276 	.db #0x28	; 40
      0004C9 8C                    1277 	.db #0x8c	; 140
      0004CA 1F                    1278 	.db #0x1f	; 31
      0004CB 96                    1279 	.db #0x96	; 150
      0004CC 20                    1280 	.db #0x20	; 32
      0004CD 8C                    1281 	.db #0x8c	; 140
      0004CE 82                    1282 	.db #0x82	; 130
      0004CF 01                    1283 	.db #0x01	; 1
      0004D0 24                    1284 	.db #0x24	; 36
      0004D1 28                    1285 	.db #0x28	; 40
      0004D2 00                    1286 	.db #0x00	; 0
      0004D3 00                    1287 	.db #0x00	; 0
      0004D4 9A                    1288 	.db #0x9a	; 154
      0004D5 2F                    1289 	.db #0x2f	; 47
      0004D6 8F                    1290 	.db #0x8f	; 143
      0004D7 1F                    1291 	.db #0x1f	; 31
      0004D8 00                    1292 	.db #0x00	; 0
      0004D9 80                    1293 	.db #0x80	; 128
      0004DA 82                    1294 	.db #0x82	; 130
      0004DB 01                    1295 	.db #0x01	; 1
      0004DC 2C                    1296 	.db #0x2c	; 44
      0004DD 28                    1297 	.db #0x28	; 40
      0004DE 00                    1298 	.db #0x00	; 0
      0004DF 00                    1299 	.db #0x00	; 0
      0004E0 98                    1300 	.db #0x98	; 152
      0004E1 2F                    1301 	.db #0x2f	; 47
      0004E2 24                    1302 	.db #0x24	; 36
      0004E3 96                    1303 	.db #0x96	; 150
      0004E4 30                    1304 	.db #0x30	; 48	'0'
      0004E5 8C                    1305 	.db #0x8c	; 140
      0004E6 82                    1306 	.db #0x82	; 130
      0004E7 02                    1307 	.db #0x02	; 2
      0004E8 2C                    1308 	.db #0x2c	; 44
      0004E9 20                    1309 	.db #0x20	; 32
      0004EA 00                    1310 	.db #0x00	; 0
      0004EB 00                    1311 	.db #0x00	; 0
      0004EC 96                    1312 	.db #0x96	; 150
      0004ED 2F                    1313 	.db #0x2f	; 47
      0004EE 00                    1314 	.db #0x00	; 0
      0004EF 00                    1315 	.db #0x00	; 0
      0004F0 80                    1316 	.db #0x80	; 128
      0004F1 82                    1317 	.db #0x82	; 130
      0004F2 01                    1318 	.db #0x01	; 1
      0004F3 2C                    1319 	.db #0x2c	; 44
      0004F4 00                    1320 	.db #0x00	; 0
      0004F5 00                    1321 	.db #0x00	; 0
      0004F6 00                    1322 	.db #0x00	; 0
      0004F7 98                    1323 	.db #0x98	; 152
      0004F8 2F                    1324 	.db #0x2f	; 47
      0004F9 91                    1325 	.db #0x91	; 145
      0004FA 1F                    1326 	.db #0x1f	; 31
      0004FB 94                    1327 	.db #0x94	; 148
      0004FC 10                    1328 	.db #0x10	; 16
      0004FD 8C                    1329 	.db #0x8c	; 140
      0004FE 82                    1330 	.db #0x82	; 130
      0004FF 02                    1331 	.db #0x02	; 2
      000500 2C                    1332 	.db #0x2c	; 44
      000501 28                    1333 	.db #0x28	; 40
      000502 00                    1334 	.db #0x00	; 0
      000503 00                    1335 	.db #0x00	; 0
      000504 98                    1336 	.db #0x98	; 152
      000505 2F                    1337 	.db #0x2f	; 47
      000506 24                    1338 	.db #0x24	; 36
      000507 00                    1339 	.db #0x00	; 0
      000508 8C                    1340 	.db #0x8c	; 140
      000509 82                    1341 	.db #0x82	; 130
      00050A 02                    1342 	.db #0x02	; 2
      00050B 2C                    1343 	.db #0x2c	; 44
      00050C 20                    1344 	.db #0x20	; 32
      00050D 00                    1345 	.db #0x00	; 0
      00050E 00                    1346 	.db #0x00	; 0
      00050F 98                    1347 	.db #0x98	; 152
      000510 2F                    1348 	.db #0x2f	; 47
      000511 91                    1349 	.db #0x91	; 145
      000512 1F                    1350 	.db #0x1f	; 31
      000513 00                    1351 	.db #0x00	; 0
      000514 8C                    1352 	.db #0x8c	; 140
      000515 82                    1353 	.db #0x82	; 130
      000516 02                    1354 	.db #0x02	; 2
      000517 2C                    1355 	.db #0x2c	; 44
      000518 28                    1356 	.db #0x28	; 40
      000519 00                    1357 	.db #0x00	; 0
      00051A 00                    1358 	.db #0x00	; 0
      00051B 98                    1359 	.db #0x98	; 152
      00051C 2F                    1360 	.db #0x2f	; 47
      00051D 24                    1361 	.db #0x24	; 36
      00051E 00                    1362 	.db #0x00	; 0
      00051F 8C                    1363 	.db #0x8c	; 140
      000520 82                    1364 	.db #0x82	; 130
      000521 02                    1365 	.db #0x02	; 2
      000522 2C                    1366 	.db #0x2c	; 44
      000523 20                    1367 	.db #0x20	; 32
      000524 00                    1368 	.db #0x00	; 0
      000525 00                    1369 	.db #0x00	; 0
      000526 28                    1370 	.db #0x28	; 40
      000527 91                    1371 	.db #0x91	; 145
      000528 1F                    1372 	.db #0x1f	; 31
      000529 94                    1373 	.db #0x94	; 148
      00052A 20                    1374 	.db #0x20	; 32
      00052B 80                    1375 	.db #0x80	; 128
      00052C 82                    1376 	.db #0x82	; 130
      00052D 01                    1377 	.db #0x01	; 1
      00052E 24                    1378 	.db #0x24	; 36
      00052F 28                    1379 	.db #0x28	; 40
      000530 00                    1380 	.db #0x00	; 0
      000531 00                    1381 	.db #0x00	; 0
      000532 98                    1382 	.db #0x98	; 152
      000533 2F                    1383 	.db #0x2f	; 47
      000534 24                    1384 	.db #0x24	; 36
      000535 00                    1385 	.db #0x00	; 0
      000536 80                    1386 	.db #0x80	; 128
      000537 82                    1387 	.db #0x82	; 130
      000538 01                    1388 	.db #0x01	; 1
      000539 2C                    1389 	.db #0x2c	; 44
      00053A 20                    1390 	.db #0x20	; 32
      00053B 00                    1391 	.db #0x00	; 0
      00053C 00                    1392 	.db #0x00	; 0
      00053D 96                    1393 	.db #0x96	; 150
      00053E 2F                    1394 	.db #0x2f	; 47
      00053F 8F                    1395 	.db #0x8f	; 143
      000540 1F                    1396 	.db #0x1f	; 31
      000541 94                    1397 	.db #0x94	; 148
      000542 30                    1398 	.db #0x30	; 48	'0'
      000543 80                    1399 	.db #0x80	; 128
      000544 82                    1400 	.db #0x82	; 130
      000545 01                    1401 	.db #0x01	; 1
      000546 2C                    1402 	.db #0x2c	; 44
      000547 28                    1403 	.db #0x28	; 40
      000548 00                    1404 	.db #0x00	; 0
      000549 00                    1405 	.db #0x00	; 0
      00054A 98                    1406 	.db #0x98	; 152
      00054B 2F                    1407 	.db #0x2f	; 47
      00054C 91                    1408 	.db #0x91	; 145
      00054D 1F                    1409 	.db #0x1f	; 31
      00054E 00                    1410 	.db #0x00	; 0
      00054F 8C                    1411 	.db #0x8c	; 140
      000550 82                    1412 	.db #0x82	; 130
      000551 02                    1413 	.db #0x02	; 2
      000552 2C                    1414 	.db #0x2c	; 44
      000553 28                    1415 	.db #0x28	; 40
      000554 00                    1416 	.db #0x00	; 0
      000555 00                    1417 	.db #0x00	; 0
      000556 9A                    1418 	.db #0x9a	; 154
      000557 2F                    1419 	.db #0x2f	; 47
      000558 93                    1420 	.db #0x93	; 147
      000559 1F                    1421 	.db #0x1f	; 31
      00055A 93                    1422 	.db #0x93	; 147
      00055B 10                    1423 	.db #0x10	; 16
      00055C 80                    1424 	.db #0x80	; 128
      00055D 82                    1425 	.db #0x82	; 130
      00055E 02                    1426 	.db #0x02	; 2
      00055F 2C                    1427 	.db #0x2c	; 44
      000560 28                    1428 	.db #0x28	; 40
      000561 00                    1429 	.db #0x00	; 0
      000562 00                    1430 	.db #0x00	; 0
      000563 28                    1431 	.db #0x28	; 40
      000564 94                    1432 	.db #0x94	; 148
      000565 1F                    1433 	.db #0x1f	; 31
      000566 00                    1434 	.db #0x00	; 0
      000567 80                    1435 	.db #0x80	; 128
      000568 82                    1436 	.db #0x82	; 130
      000569 02                    1437 	.db #0x02	; 2
      00056A 24                    1438 	.db #0x24	; 36
      00056B 28                    1439 	.db #0x28	; 40
      00056C 00                    1440 	.db #0x00	; 0
      00056D 00                    1441 	.db #0x00	; 0
      00056E 20                    1442 	.db #0x20	; 32
      00056F 93                    1443 	.db #0x93	; 147
      000570 1F                    1444 	.db #0x1f	; 31
      000571 00                    1445 	.db #0x00	; 0
      000572 8C                    1446 	.db #0x8c	; 140
      000573 82                    1447 	.db #0x82	; 130
      000574 01                    1448 	.db #0x01	; 1
      000575 00                    1449 	.db #0x00	; 0
      000576 28                    1450 	.db #0x28	; 40
      000577 00                    1451 	.db #0x00	; 0
      000578 00                    1452 	.db #0x00	; 0
      000579 98                    1453 	.db #0x98	; 152
      00057A 2F                    1454 	.db #0x2f	; 47
      00057B 91                    1455 	.db #0x91	; 145
      00057C 1F                    1456 	.db #0x1f	; 31
      00057D 00                    1457 	.db #0x00	; 0
      00057E 80                    1458 	.db #0x80	; 128
      00057F 82                    1459 	.db #0x82	; 130
      000580 01                    1460 	.db #0x01	; 1
      000581 2C                    1461 	.db #0x2c	; 44
      000582 28                    1462 	.db #0x28	; 40
      000583 00                    1463 	.db #0x00	; 0
      000584 00                    1464 	.db #0x00	; 0
      000585 9A                    1465 	.db #0x9a	; 154
      000586 2F                    1466 	.db #0x2f	; 47
      000587 93                    1467 	.db #0x93	; 147
      000588 1F                    1468 	.db #0x1f	; 31
      000589 93                    1469 	.db #0x93	; 147
      00058A 20                    1470 	.db #0x20	; 32
      00058B 80                    1471 	.db #0x80	; 128
      00058C 82                    1472 	.db #0x82	; 130
      00058D 01                    1473 	.db #0x01	; 1
      00058E 2C                    1474 	.db #0x2c	; 44
      00058F 28                    1475 	.db #0x28	; 40
      000590 00                    1476 	.db #0x00	; 0
      000591 00                    1477 	.db #0x00	; 0
      000592 28                    1478 	.db #0x28	; 40
      000593 24                    1479 	.db #0x24	; 36
      000594 00                    1480 	.db #0x00	; 0
      000595 00                    1481 	.db #0x00	; 0
      000596 24                    1482 	.db #0x24	; 36
      000597 20                    1483 	.db #0x20	; 32
      000598 00                    1484 	.db #0x00	; 0
      000599 00                    1485 	.db #0x00	; 0
      00059A 20                    1486 	.db #0x20	; 32
      00059B 00                    1487 	.db #0x00	; 0
      00059C 93                    1488 	.db #0x93	; 147
      00059D 30                    1489 	.db #0x30	; 48	'0'
      00059E 00                    1490 	.db #0x00	; 0
      00059F 00                    1491 	.db #0x00	; 0
      0005A0 00                    1492 	.db #0x00	; 0
      0005A1 00                    1493 	.db #0x00	; 0
      0005A2 00                    1494 	.db #0x00	; 0
      0005A3 00                    1495 	.db #0x00	; 0
      0005A4 00                    1496 	.db #0x00	; 0
      0005A5 00                    1497 	.db #0x00	; 0
      0005A6 00                    1498 	.db #0x00	; 0
      0005A7 00                    1499 	.db #0x00	; 0
      0005A8 00                    1500 	.db #0x00	; 0
      0005A9 00                    1501 	.db #0x00	; 0
      0005AA 00                    1502 	.db #0x00	; 0
                           0005AB  1503 G$song_Data$0_0$0 == .
      0005AB                       1504 _song_Data:
      0005ABr00r00                 1505 	.dw _song0
      0005ADr42r01                 1506 	.dw _song1
      0005AFrC0r02                 1507 	.dw _song2
      0005B1r3Br04                 1508 	.dw _song3
      0005B3 00 00                 1509 	.dw #0x0000
                                   1510 	.area _CABS (ABS)
